
> vibe-generated-app@1.0.0 dev
> vite


  VITE v5.4.20  ready in 248 ms

  ➜  Local:   http://localhost:3000/
  ➜  Network: http://172.20.37.149:3000/
3:30:31 AM [vite] Pre-transform error: Transform failed with 1 error:
/home/workspace/src/components/MainSections.jsx:165:80: ERROR: Expected ")" but found "x"
3:30:31 AM [vite] ✨ new dependencies optimized: framer-motion
3:30:31 AM [vite] ✨ optimized dependencies changed. reloading
3:30:32 AM [vite] Pre-transform error: Transform failed with 1 error:
/home/workspace/src/components/MainSections.jsx:165:80: ERROR: Expected ")" but found "x"
3:30:32 AM [vite] Internal server error: Transform failed with 1 error:
/home/workspace/src/components/MainSections.jsx:165:80: ERROR: Expected ")" but found "x"
  Plugin: vite:esbuild
  File: /home/workspace/src/components/MainSections.jsx:165:80
  
  Expected ")" but found "x"
  163|                  <svg width="22" height="22" viewBox="0 0 24 24" fill="none" xmlns="http://www.w3.org/2000/svg">
  164|                    {playing ? (
  165|                      <rect x="6" y="5" width="4" height="14" fill="white"/><rect x="14" y="5" width="4" height="14" fill="white"/>
     |                                                                                  ^
  166|                    ) : (
  167|                      <path d="M8 5v14l11-7L8 5z" fill="white" />
  
      at failureErrorWithLog (/home/workspace/node_modules/esbuild/lib/main.js:1472:15)
      at /home/workspace/node_modules/esbuild/lib/main.js:755:50
      at responseCallbacks.<computed> (/home/workspace/node_modules/esbuild/lib/main.js:622:9)
      at handleIncomingPacket (/home/workspace/node_modules/esbuild/lib/main.js:677:12)
      at Socket.readFromStdout (/home/workspace/node_modules/esbuild/lib/main.js:600:7)
      at Socket.emit (node:events:508:28)
      at addChunk (node:internal/streams/readable:559:12)
      at readableAddChunkPushByteMode (node:internal/streams/readable:510:3)
      at Readable.push (node:internal/streams/readable:390:5)
      at Pipe.onStreamRead (node:internal/stream_base_commons:189:23)
3:30:49 AM [vite] Internal server error: Transform failed with 1 error:
/home/workspace/src/components/MainSections.jsx:165:80: ERROR: Expected ")" but found "x"
  Plugin: vite:esbuild
  File: /home/workspace/src/components/MainSections.jsx:165:80
  
  Expected ")" but found "x"
  163|                  <svg width="22" height="22" viewBox="0 0 24 24" fill="none" xmlns="http://www.w3.org/2000/svg">
  164|                    {playing ? (
  165|                      <rect x="6" y="5" width="4" height="14" fill="white"/><rect x="14" y="5" width="4" height="14" fill="white"/>
     |                                                                                  ^
  166|                    ) : (
  167|                      <path d="M8 5v14l11-7L8 5z" fill="white" />
  
      at failureErrorWithLog (/home/workspace/node_modules/esbuild/lib/main.js:1472:15)
      at /home/workspace/node_modules/esbuild/lib/main.js:755:50
      at responseCallbacks.<computed> (/home/workspace/node_modules/esbuild/lib/main.js:622:9)
      at handleIncomingPacket (/home/workspace/node_modules/esbuild/lib/main.js:677:12)
      at Socket.readFromStdout (/home/workspace/node_modules/esbuild/lib/main.js:600:7)
      at Socket.emit (node:events:508:28)
      at addChunk (node:internal/streams/readable:559:12)
      at readableAddChunkPushByteMode (node:internal/streams/readable:510:3)
      at Readable.push (node:internal/streams/readable:390:5)
      at Pipe.onStreamRead (node:internal/stream_base_commons:189:23)
